{
  "RSpec": {
    "coverage": {
      "/Users/allen/Documents/WDI/Projects/prattlr/spec/controllers/chat_controller_spec.rb": [
        1,
        null,
        1,
        1,
        null,
        1,
        null,
        null
      ],
      "/Users/allen/Documents/WDI/Projects/prattlr/spec/rails_helper.rb": [
        null,
        1,
        1,
        1,
        1,
        null,
        null,
        null,
        null,
        null,
        null,
        null,
        null,
        1,
        null,
        null,
        null,
        1,
        null,
        1,
        null,
        1,
        null,
        null,
        null,
        null,
        1,
        null,
        null,
        null,
        null,
        null,
        null,
        null,
        null,
        null,
        null,
        null,
        null,
        null,
        null,
        1,
        null
      ],
      "/Users/allen/Documents/WDI/Projects/prattlr/config/environment.rb": [
        null,
        1,
        null,
        null,
        1
      ],
      "/Users/allen/Documents/WDI/Projects/prattlr/config/application.rb": [
        1,
        null,
        null,
        1,
        1,
        1,
        1,
        1,
        1,
        null,
        null,
        null,
        null,
        1,
        null,
        1,
        1,
        null,
        null,
        null,
        null,
        null,
        null,
        null,
        null,
        null,
        null,
        null,
        null,
        null
      ],
      "/Users/allen/Documents/WDI/Projects/prattlr/config/boot.rb": [
        null,
        1,
        null,
        1
      ],
      "/Users/allen/Documents/WDI/Projects/prattlr/config/environments/test.rb": [
        1,
        null,
        null,
        null,
        null,
        null,
        null,
        1,
        null,
        null,
        null,
        null,
        1,
        null,
        null,
        1,
        1,
        null,
        null,
        1,
        1,
        null,
        null,
        1,
        null,
        null,
        1,
        null,
        null,
        null,
        null,
        1,
        null,
        null,
        1,
        null,
        null,
        null,
        null
      ],
      "/Users/allen/Documents/WDI/Projects/prattlr/config/initializers/assets.rb": [
        null,
        null,
        null,
        1,
        null,
        null,
        null,
        null
      ],
      "/Users/allen/Documents/WDI/Projects/prattlr/config/initializers/backtrace_silencers.rb": [
        null,
        null,
        null,
        null,
        null,
        null,
        null
      ],
      "/Users/allen/Documents/WDI/Projects/prattlr/config/initializers/cookies_serializer.rb": [
        null,
        null,
        1
      ],
      "/Users/allen/Documents/WDI/Projects/prattlr/config/initializers/filter_parameter_logging.rb": [
        null,
        null,
        null,
        1
      ],
      "/Users/allen/Documents/WDI/Projects/prattlr/config/initializers/inflections.rb": [
        null,
        null,
        null,
        null,
        null,
        null,
        null,
        null,
        null,
        null,
        null,
        null,
        null,
        null,
        null,
        null
      ],
      "/Users/allen/Documents/WDI/Projects/prattlr/config/initializers/mime_types.rb": [
        null,
        null,
        null,
        null
      ],
      "/Users/allen/Documents/WDI/Projects/prattlr/config/initializers/session_store.rb": [
        null,
        null,
        1
      ],
      "/Users/allen/Documents/WDI/Projects/prattlr/config/initializers/websocket_rails.rb": [
        1,
        null,
        null,
        null,
        null,
        null,
        null,
        null,
        null,
        null,
        null,
        null,
        null,
        null,
        null,
        null,
        null,
        1,
        null,
        null,
        null,
        null,
        1,
        null,
        null,
        null,
        null,
        null,
        null,
        null,
        null,
        null,
        null,
        null,
        null,
        null,
        null,
        null,
        null,
        null,
        null,
        null,
        null,
        null,
        null,
        null,
        null,
        null,
        null,
        null,
        null,
        null,
        null,
        null,
        null,
        null,
        null,
        null,
        null,
        null,
        null,
        null,
        null
      ],
      "/Users/allen/Documents/WDI/Projects/prattlr/config/initializers/wrap_parameters.rb": [
        null,
        null,
        null,
        null,
        null,
        null,
        1,
        1,
        null,
        null,
        null,
        null,
        null,
        null
      ],
      "/Users/allen/Documents/WDI/Projects/prattlr/config/events.rb": [
        1,
        null,
        null,
        null,
        null,
        null,
        null,
        null,
        null,
        null,
        null,
        null,
        null,
        null,
        null,
        1,
        1,
        1,
        1,
        1,
        null,
        1,
        null
      ],
      "/Users/allen/Documents/WDI/Projects/prattlr/config/routes.rb": [
        1,
        1,
        null,
        1,
        null,
        1,
        1,
        1,
        1,
        null,
        null,
        null,
        null,
        null,
        null,
        null,
        null,
        null,
        null,
        null,
        null,
        null,
        null,
        null,
        null,
        null,
        null,
        null,
        null,
        null,
        null,
        null,
        null,
        null,
        null,
        null,
        null,
        null,
        null,
        null,
        null,
        null,
        null,
        null,
        null,
        null,
        null,
        null,
        null,
        null,
        null,
        null,
        null,
        null,
        null,
        null,
        null,
        null,
        null,
        null,
        null,
        null,
        null,
        null
      ],
      "/Users/allen/Documents/WDI/Projects/prattlr/app/controllers/chat_controller.rb": [
        null,
        1,
        1,
        null,
        null,
        null,
        1,
        0,
        null,
        null,
        1,
        0,
        null,
        null,
        null,
        null,
        null,
        null,
        null,
        1,
        null,
        null,
        null,
        null,
        null,
        null,
        0,
        null,
        null,
        1,
        0,
        null,
        null,
        1,
        0,
        0,
        0,
        null,
        0,
        null,
        null,
        null,
        1,
        0,
        0,
        null,
        null,
        1,
        0,
        0,
        null,
        null,
        1,
        0,
        0,
        0,
        0,
        null,
        null,
        1,
        0,
        0,
        null,
        null,
        null,
        null
      ],
      "/Users/allen/Documents/WDI/Projects/prattlr/app/helpers/application_helper.rb": [
        1,
        null
      ],
      "/Users/allen/Documents/WDI/Projects/prattlr/app/helpers/chat_helper.rb": [
        1,
        null
      ],
      "/Users/allen/Documents/WDI/Projects/prattlr/app/helpers/messages_helper.rb": [
        1,
        null
      ],
      "/Users/allen/Documents/WDI/Projects/prattlr/app/helpers/public_helper.rb": [
        1,
        null
      ],
      "/Users/allen/Documents/WDI/Projects/prattlr/app/helpers/sessions_helper.rb": [
        1,
        null
      ],
      "/Users/allen/Documents/WDI/Projects/prattlr/app/helpers/user_helper.rb": [
        1,
        null
      ],
      "/Users/allen/Documents/WDI/Projects/prattlr/spec/controllers/messages_controller_spec.rb": [
        1,
        null,
        1,
        null,
        null
      ],
      "/Users/allen/Documents/WDI/Projects/prattlr/app/controllers/messages_controller.rb": [
        1,
        1,
        0,
        null,
        null
      ],
      "/Users/allen/Documents/WDI/Projects/prattlr/app/controllers/application_controller.rb": [
        1,
        null,
        null,
        1,
        null,
        1,
        null,
        1,
        1,
        4,
        0,
        null,
        null,
        4,
        4,
        null,
        null,
        null
      ],
      "/Users/allen/Documents/WDI/Projects/prattlr/spec/controllers/sessions_controller_spec.rb": [
        1,
        null,
        1,
        null,
        null
      ],
      "/Users/allen/Documents/WDI/Projects/prattlr/app/controllers/sessions_controller.rb": [
        1,
        1,
        1,
        null,
        1,
        null,
        null,
        1,
        0,
        0,
        0,
        null,
        0,
        null,
        0,
        null,
        null,
        1,
        0,
        0,
        null,
        null,
        1,
        null,
        null,
        null,
        1,
        0,
        null,
        null,
        null,
        null,
        null,
        null,
        null
      ],
      "/Users/allen/Documents/WDI/Projects/prattlr/spec/controllers/users_controller_spec.rb": [
        1,
        null,
        1,
        null,
        1,
        1,
        1,
        2,
        null,
        null,
        null,
        null,
        null,
        null,
        1,
        1,
        null,
        null,
        1,
        1,
        1,
        null,
        null,
        null,
        1,
        1,
        1,
        null,
        1,
        1,
        null,
        null,
        null,
        null,
        1,
        1,
        1,
        1,
        null,
        null,
        null,
        null
      ],
      "/Users/allen/Documents/WDI/Projects/prattlr/app/controllers/users_controller.rb": [
        1,
        1,
        3,
        3,
        2,
        2,
        null,
        1,
        null,
        null,
        null,
        1,
        1,
        null,
        null,
        1,
        1,
        3,
        null,
        null,
        null
      ],
      "/Users/allen/Documents/WDI/Projects/prattlr/spec/helpers/messages_helper_spec.rb": [
        1,
        null,
        null,
        null,
        null,
        null,
        null,
        null,
        null,
        null,
        null,
        null,
        1,
        1,
        null
      ],
      "/Users/allen/Documents/WDI/Projects/prattlr/spec/helpers/sessions_helper_spec.rb": [
        1,
        null,
        null,
        null,
        null,
        null,
        null,
        null,
        null,
        null,
        null,
        null,
        1,
        1,
        null
      ],
      "/Users/allen/Documents/WDI/Projects/prattlr/spec/helpers/user_helper_spec.rb": [
        1,
        null,
        null,
        null,
        null,
        null,
        null,
        null,
        null,
        null,
        null,
        null,
        1,
        1,
        null
      ],
      "/Users/allen/Documents/WDI/Projects/prattlr/spec/models/message_spec.rb": [
        null,
        null,
        null,
        null,
        null,
        null,
        null,
        null,
        null,
        null,
        null,
        null,
        null,
        null,
        null,
        null,
        1,
        null,
        1,
        1,
        null
      ],
      "/Users/allen/Documents/WDI/Projects/prattlr/app/models/message.rb": [
        null,
        null,
        null,
        null,
        null,
        null,
        null,
        null,
        null,
        null,
        null,
        null,
        null,
        null,
        null,
        null,
        1,
        1,
        1,
        1,
        1,
        null
      ],
      "/Users/allen/Documents/WDI/Projects/prattlr/spec/models/room_spec.rb": [
        null,
        null,
        null,
        null,
        null,
        null,
        null,
        null,
        null,
        null,
        1,
        null,
        1,
        1,
        null
      ],
      "/Users/allen/Documents/WDI/Projects/prattlr/app/models/room.rb": [
        null,
        null,
        null,
        null,
        null,
        null,
        null,
        null,
        null,
        null,
        1,
        1,
        1,
        null
      ],
      "/Users/allen/Documents/WDI/Projects/prattlr/spec/models/user_spec.rb": [
        null,
        null,
        null,
        null,
        null,
        null,
        null,
        null,
        null,
        null,
        null,
        null,
        1,
        null,
        1,
        1,
        null
      ],
      "/Users/allen/Documents/WDI/Projects/prattlr/app/models/user.rb": [
        null,
        null,
        null,
        null,
        null,
        null,
        null,
        null,
        null,
        null,
        null,
        null,
        1,
        1,
        1,
        1,
        1,
        1,
        null
      ],
      "/Users/allen/Documents/WDI/Projects/prattlr/spec/views/user/create.html.erb_spec.rb": [
        1,
        null,
        1,
        1,
        null
      ],
      "/Users/allen/Documents/WDI/Projects/prattlr/spec/views/user/new.html.erb_spec.rb": [
        1,
        null,
        1,
        1,
        null
      ]
    },
    "timestamp": 1408666100
  }
}
