{
  "RSpec": {
    "coverage": {
      "/Users/allen/Documents/WDI/Projects/prattlr/spec/controllers/chat_controller_spec.rb": [
        1,
        null,
        1,
        1,
        null,
        1,
        null,
        null
      ],
      "/Users/allen/Documents/WDI/Projects/prattlr/spec/rails_helper.rb": [
        null,
        1,
        1,
        1,
        1,
        null,
        null,
        null,
        null,
        null,
        null,
        null,
        null,
        1,
        null,
        null,
        null,
        1,
        null,
        1,
        null,
        1,
        null,
        null,
        null,
        null,
        1,
        null,
        null,
        null,
        null,
        null,
        null,
        null,
        null,
        null,
        null,
        null,
        null,
        null,
        null,
        1,
        null
      ],
      "/Users/allen/Documents/WDI/Projects/prattlr/config/environment.rb": [
        null,
        1,
        null,
        null,
        1
      ],
      "/Users/allen/Documents/WDI/Projects/prattlr/config/application.rb": [
        1,
        null,
        null,
        1,
        1,
        1,
        1,
        1,
        1,
        null,
        null,
        null,
        null,
        1,
        null,
        1,
        1,
        null,
        null,
        null,
        null,
        null,
        null,
        null,
        null,
        null,
        null,
        null,
        null,
        null
      ],
      "/Users/allen/Documents/WDI/Projects/prattlr/config/boot.rb": [
        null,
        1,
        null,
        1
      ],
      "/Users/allen/Documents/WDI/Projects/prattlr/config/environments/test.rb": [
        1,
        null,
        null,
        null,
        null,
        null,
        null,
        1,
        null,
        null,
        null,
        null,
        1,
        null,
        null,
        1,
        1,
        null,
        null,
        1,
        1,
        null,
        null,
        1,
        null,
        null,
        1,
        null,
        null,
        null,
        null,
        1,
        null,
        null,
        1,
        null,
        null,
        null,
        null
      ],
      "/Users/allen/Documents/WDI/Projects/prattlr/config/initializers/assets.rb": [
        null,
        null,
        null,
        1,
        null,
        null,
        null,
        null
      ],
      "/Users/allen/Documents/WDI/Projects/prattlr/config/initializers/backtrace_silencers.rb": [
        null,
        null,
        null,
        null,
        null,
        null,
        null
      ],
      "/Users/allen/Documents/WDI/Projects/prattlr/config/initializers/cookies_serializer.rb": [
        null,
        null,
        1
      ],
      "/Users/allen/Documents/WDI/Projects/prattlr/config/initializers/filter_parameter_logging.rb": [
        null,
        null,
        null,
        1
      ],
      "/Users/allen/Documents/WDI/Projects/prattlr/config/initializers/inflections.rb": [
        null,
        null,
        null,
        null,
        null,
        null,
        null,
        null,
        null,
        null,
        null,
        null,
        null,
        null,
        null,
        null
      ],
      "/Users/allen/Documents/WDI/Projects/prattlr/config/initializers/mime_types.rb": [
        null,
        null,
        null,
        null
      ],
      "/Users/allen/Documents/WDI/Projects/prattlr/config/initializers/session_store.rb": [
        null,
        null,
        1
      ],
      "/Users/allen/Documents/WDI/Projects/prattlr/config/initializers/websocket_rails.rb": [
        1,
        null,
        null,
        null,
        null,
        null,
        null,
        null,
        null,
        null,
        null,
        null,
        null,
        null,
        null,
        null,
        null,
        1,
        null,
        null,
        null,
        null,
        1,
        null,
        null,
        null,
        null,
        null,
        null,
        null,
        null,
        null,
        null,
        null,
        null,
        null,
        null,
        null,
        null,
        null,
        null,
        null,
        null,
        null,
        null,
        null,
        null,
        null,
        null,
        null,
        null,
        null,
        null,
        null,
        null,
        null,
        null,
        null,
        null,
        null,
        null,
        null,
        null
      ],
      "/Users/allen/Documents/WDI/Projects/prattlr/config/initializers/wrap_parameters.rb": [
        null,
        null,
        null,
        null,
        null,
        null,
        1,
        1,
        null,
        null,
        null,
        null,
        null,
        null
      ],
      "/Users/allen/Documents/WDI/Projects/prattlr/config/events.rb": [
        1,
        null,
        null,
        null,
        null,
        null,
        null,
        null,
        null,
        null,
        null,
        null,
        null,
        null,
        null,
        1,
        1,
        1,
        1,
        1,
        1,
        null
      ],
      "/Users/allen/Documents/WDI/Projects/prattlr/config/routes.rb": [
        1,
        1,
        null,
        null,
        null,
        null,
        null,
        null,
        null,
        null,
        null,
        null,
        null,
        null,
        null,
        null,
        null,
        null,
        null,
        null,
        null,
        null,
        null,
        null,
        null,
        null,
        null,
        null,
        null,
        null,
        null,
        null,
        null,
        null,
        null,
        null,
        null,
        null,
        null,
        null,
        null,
        null,
        null,
        null,
        null,
        null,
        null,
        null,
        null,
        null,
        null,
        null,
        null,
        null,
        null,
        null,
        null
      ],
      "/Users/allen/Documents/WDI/Projects/prattlr/app/controllers/chat_controller.rb": [
        null,
        1,
        1,
        null,
        1,
        0,
        null,
        null,
        1,
        0,
        null,
        null,
        null,
        null,
        null,
        null,
        1,
        0,
        null,
        null,
        null,
        null,
        null,
        null,
        1,
        0,
        null,
        null,
        1,
        0,
        null,
        null,
        1,
        0,
        0,
        null,
        null,
        1,
        0,
        0,
        null,
        null,
        1,
        0,
        0,
        0,
        null,
        null,
        1,
        0,
        0,
        null,
        null,
        null,
        null
      ],
      "/Users/allen/Documents/WDI/Projects/prattlr/app/helpers/application_helper.rb": [
        1,
        null
      ],
      "/Users/allen/Documents/WDI/Projects/prattlr/app/helpers/chat_helper.rb": [
        1,
        null
      ],
      "/Users/allen/Documents/WDI/Projects/prattlr/app/helpers/public_helper.rb": [
        1,
        null
      ]
    },
    "timestamp": 1408363827
  }
}
